<?xml version="1.0" encoding="UTF-8"?>
<testsuite name="study.datajpa.DataJpaApplicationTests" tests="1" skipped="0" failures="0" errors="0" timestamp="2023-08-23T11:03:13" hostname="Gysui-MacBookAir.local" time="0.39">
  <properties/>
  <testcase name="contextLoads()" classname="study.datajpa.DataJpaApplicationTests" time="0.39"/>
  <system-out><![CDATA[20:03:12.056 [Test worker] INFO org.springframework.test.context.support.AnnotationConfigContextLoaderUtils -- Could not detect default configuration classes for test class [study.datajpa.DataJpaApplicationTests]: DataJpaApplicationTests does not declare any static, non-private, non-final, nested classes annotated with @Configuration.
20:03:12.108 [Test worker] INFO org.springframework.boot.test.context.SpringBootTestContextBootstrapper -- Found @SpringBootConfiguration study.datajpa.DataJpaApplication for test class study.datajpa.DataJpaApplicationTests

  .   ____          _            __ _ _
 /\\ / ___'_ __ _ _(_)_ __  __ _ \ \ \ \
( ( )\___ | '_ | '_| | '_ \/ _` | \ \ \ \
 \\/  ___)| |_)| | | | | || (_| |  ) ) ) )
  '  |____| .__|_| |_|_| |_\__, | / / / /
 =========|_|==============|___/=/_/_/_/
 :: Spring Boot ::                (v3.1.2)

2023-08-23T20:03:12.341+09:00  INFO 34245 --- [    Test worker] study.datajpa.DataJpaApplicationTests    : Starting DataJpaApplicationTests using Java 17.0.7 with PID 34245 (started by gysmac in /Users/gysmac/Desktop/study/data-jpa)
2023-08-23T20:03:12.342+09:00  INFO 34245 --- [    Test worker] study.datajpa.DataJpaApplicationTests    : No active profile set, falling back to 1 default profile: "default"
2023-08-23T20:03:12.719+09:00  INFO 34245 --- [    Test worker] .s.d.r.c.RepositoryConfigurationDelegate : Bootstrapping Spring Data JPA repositories in DEFAULT mode.
2023-08-23T20:03:12.735+09:00  INFO 34245 --- [    Test worker] .s.d.r.c.RepositoryConfigurationDelegate : Finished Spring Data repository scanning in 8 ms. Found 0 JPA repository interfaces.
2023-08-23T20:03:13.001+09:00  INFO 34245 --- [    Test worker] com.zaxxer.hikari.HikariDataSource       : HikariPool-1 - Starting...
2023-08-23T20:03:13.139+09:00  INFO 34245 --- [    Test worker] com.zaxxer.hikari.pool.HikariPool        : HikariPool-1 - Added connection conn0: url=jdbc:h2:mem:25b7ea07-b801-48d1-8048-07ec6795c8d8 user=SA
2023-08-23T20:03:13.141+09:00  INFO 34245 --- [    Test worker] com.zaxxer.hikari.HikariDataSource       : HikariPool-1 - Start completed.
2023-08-23T20:03:13.175+09:00  INFO 34245 --- [    Test worker] o.hibernate.jpa.internal.util.LogHelper  : HHH000204: Processing PersistenceUnitInfo [name: default]
2023-08-23T20:03:13.215+09:00  INFO 34245 --- [    Test worker] org.hibernate.Version                    : HHH000412: Hibernate ORM core version 6.2.6.Final
2023-08-23T20:03:13.217+09:00  INFO 34245 --- [    Test worker] org.hibernate.cfg.Environment            : HHH000406: Using bytecode reflection optimizer
2023-08-23T20:03:13.304+09:00  INFO 34245 --- [    Test worker] o.h.b.i.BytecodeProviderInitiator        : HHH000021: Bytecode provider name : bytebuddy
2023-08-23T20:03:13.385+09:00  INFO 34245 --- [    Test worker] o.s.o.j.p.SpringPersistenceUnitInfo      : No LoadTimeWeaver setup: ignoring JPA class transformer
2023-08-23T20:03:13.478+09:00  INFO 34245 --- [    Test worker] o.h.b.i.BytecodeProviderInitiator        : HHH000021: Bytecode provider name : bytebuddy
2023-08-23T20:03:13.614+09:00  INFO 34245 --- [    Test worker] o.h.e.t.j.p.i.JtaPlatformInitiator       : HHH000490: Using JtaPlatform implementation: [org.hibernate.engine.transaction.jta.platform.internal.NoJtaPlatform]
2023-08-23T20:03:13.619+09:00  INFO 34245 --- [    Test worker] j.LocalContainerEntityManagerFactoryBean : Initialized JPA EntityManagerFactory for persistence unit 'default'
2023-08-23T20:03:13.709+09:00  WARN 34245 --- [    Test worker] JpaBaseConfiguration$JpaWebConfiguration : spring.jpa.open-in-view is enabled by default. Therefore, database queries may be performed during view rendering. Explicitly configure spring.jpa.open-in-view to disable this warning
2023-08-23T20:03:13.934+09:00  INFO 34245 --- [    Test worker] study.datajpa.DataJpaApplicationTests    : Started DataJpaApplicationTests in 1.737 seconds (process running for 2.269)
]]></system-out>
  <system-err><![CDATA[]]></system-err>
</testsuite>
